2015-04-07 06:52:25,454 WARN org.apache.hadoop.util.NativeCodeLoader: Unable to load native-hadoop library for your platform... using builtin-java classes where applicable
2015-04-07 06:52:25,796 INFO org.apache.hadoop.conf.Configuration.deprecation: session.id is deprecated. Instead, use dfs.metrics.session-id
2015-04-07 06:52:25,828 INFO org.apache.hadoop.metrics.jvm.JvmMetrics: Initializing JVM Metrics with processName=JobTracker, sessionId=
2015-04-07 06:52:26,897 WARN org.apache.hadoop.mapreduce.JobSubmitter: No job jar file set.  User classes may not be found. See Job or Job#setJar(String).
2015-04-07 06:52:26,929 INFO org.apache.hadoop.mapreduce.lib.input.FileInputFormat: Total input paths to process : 1
2015-04-07 06:52:27,154 INFO org.apache.hadoop.mapreduce.JobSubmitter: number of splits:1
2015-04-07 06:52:27,454 INFO org.apache.hadoop.mapreduce.JobSubmitter: Submitting tokens for job: job_local902314371_0001
2015-04-07 06:52:27,548 WARN org.apache.hadoop.conf.Configuration: file:/tmp/hadoop-cloudera/mapred/staging/cloudera902314371/.staging/job_local902314371_0001/job.xml:an attempt to override final parameter: mapreduce.job.end-notification.max.retry.interval;  Ignoring.
2015-04-07 06:52:27,594 WARN org.apache.hadoop.conf.Configuration: file:/tmp/hadoop-cloudera/mapred/staging/cloudera902314371/.staging/job_local902314371_0001/job.xml:an attempt to override final parameter: mapreduce.job.end-notification.max.attempts;  Ignoring.
2015-04-07 06:52:28,014 WARN org.apache.hadoop.conf.Configuration: file:/tmp/hadoop-cloudera/mapred/local/localRunner/cloudera/job_local902314371_0001/job_local902314371_0001.xml:an attempt to override final parameter: mapreduce.job.end-notification.max.retry.interval;  Ignoring.
2015-04-07 06:52:28,064 WARN org.apache.hadoop.conf.Configuration: file:/tmp/hadoop-cloudera/mapred/local/localRunner/cloudera/job_local902314371_0001/job_local902314371_0001.xml:an attempt to override final parameter: mapreduce.job.end-notification.max.attempts;  Ignoring.
2015-04-07 06:52:28,089 INFO org.apache.hadoop.mapreduce.Job: The url to track the job: http://localhost:8080/
2015-04-07 06:52:28,090 INFO org.apache.hadoop.mapreduce.Job: Running job: job_local902314371_0001
2015-04-07 06:52:28,119 INFO org.apache.hadoop.mapred.LocalJobRunner: OutputCommitter set in config null
2015-04-07 06:52:28,160 INFO org.apache.hadoop.mapred.LocalJobRunner: OutputCommitter is org.apache.hadoop.mapreduce.lib.output.FileOutputCommitter
2015-04-07 06:52:28,275 INFO org.apache.hadoop.mapred.LocalJobRunner: Waiting for map tasks
2015-04-07 06:52:28,276 INFO org.apache.hadoop.mapred.LocalJobRunner: Starting task: attempt_local902314371_0001_m_000000_0
2015-04-07 06:52:28,437 INFO org.apache.hadoop.mapred.Task:  Using ResourceCalculatorProcessTree : [ ]
2015-04-07 06:52:28,470 INFO org.apache.hadoop.mapred.MapTask: Processing split: file:/home/cloudera/workspace/WordCount/pg100.txt:0+5589886
2015-04-07 06:52:28,746 INFO org.apache.hadoop.mapred.MapTask: (EQUATOR) 0 kvi 26214396(104857584)
2015-04-07 06:52:28,746 INFO org.apache.hadoop.mapred.MapTask: mapreduce.task.io.sort.mb: 100
2015-04-07 06:52:28,747 INFO org.apache.hadoop.mapred.MapTask: soft limit at 83886080
2015-04-07 06:52:28,747 INFO org.apache.hadoop.mapred.MapTask: bufstart = 0; bufvoid = 104857600
2015-04-07 06:52:28,747 INFO org.apache.hadoop.mapred.MapTask: kvstart = 26214396; length = 6553600
2015-04-07 06:52:28,780 INFO org.apache.hadoop.mapred.MapTask: Map output collector class = org.apache.hadoop.mapred.MapTask$MapOutputBuffer
2015-04-07 06:52:29,123 INFO org.apache.hadoop.mapreduce.Job: Job job_local902314371_0001 running in uber mode : false
2015-04-07 06:52:29,125 INFO org.apache.hadoop.mapreduce.Job:  map 0% reduce 0%
2015-04-07 06:52:34,397 INFO org.apache.hadoop.mapred.LocalJobRunner: map > map
2015-04-07 06:52:58,405 INFO org.apache.hadoop.mapred.LocalJobRunner: map > map
2015-04-07 06:53:07,408 INFO org.apache.hadoop.mapred.LocalJobRunner: map > map
2015-04-07 06:53:16,411 INFO org.apache.hadoop.mapred.LocalJobRunner: map > map
2015-04-07 06:53:37,414 INFO org.apache.hadoop.mapred.LocalJobRunner: map > map
2015-04-07 06:55:09,340 WARN org.apache.hadoop.util.NativeCodeLoader: Unable to load native-hadoop library for your platform... using builtin-java classes where applicable
2015-04-07 06:55:09,771 INFO org.apache.hadoop.conf.Configuration.deprecation: session.id is deprecated. Instead, use dfs.metrics.session-id
2015-04-07 06:55:09,787 INFO org.apache.hadoop.metrics.jvm.JvmMetrics: Initializing JVM Metrics with processName=JobTracker, sessionId=
2015-04-07 06:55:10,783 WARN org.apache.hadoop.mapreduce.JobSubmitter: No job jar file set.  User classes may not be found. See Job or Job#setJar(String).
2015-04-07 06:55:10,827 INFO org.apache.hadoop.mapreduce.lib.input.FileInputFormat: Total input paths to process : 1
2015-04-07 06:55:10,911 INFO org.apache.hadoop.mapreduce.JobSubmitter: number of splits:1
2015-04-07 06:55:11,259 INFO org.apache.hadoop.mapreduce.JobSubmitter: Submitting tokens for job: job_local1840318897_0001
2015-04-07 06:55:11,369 WARN org.apache.hadoop.conf.Configuration: file:/tmp/hadoop-cloudera/mapred/staging/cloudera1840318897/.staging/job_local1840318897_0001/job.xml:an attempt to override final parameter: mapreduce.job.end-notification.max.retry.interval;  Ignoring.
2015-04-07 06:55:11,396 WARN org.apache.hadoop.conf.Configuration: file:/tmp/hadoop-cloudera/mapred/staging/cloudera1840318897/.staging/job_local1840318897_0001/job.xml:an attempt to override final parameter: mapreduce.job.end-notification.max.attempts;  Ignoring.
2015-04-07 06:55:11,821 WARN org.apache.hadoop.conf.Configuration: file:/tmp/hadoop-cloudera/mapred/local/localRunner/cloudera/job_local1840318897_0001/job_local1840318897_0001.xml:an attempt to override final parameter: mapreduce.job.end-notification.max.retry.interval;  Ignoring.
2015-04-07 06:55:11,869 WARN org.apache.hadoop.conf.Configuration: file:/tmp/hadoop-cloudera/mapred/local/localRunner/cloudera/job_local1840318897_0001/job_local1840318897_0001.xml:an attempt to override final parameter: mapreduce.job.end-notification.max.attempts;  Ignoring.
2015-04-07 06:55:11,885 INFO org.apache.hadoop.mapreduce.Job: The url to track the job: http://localhost:8080/
2015-04-07 06:55:11,886 INFO org.apache.hadoop.mapreduce.Job: Running job: job_local1840318897_0001
2015-04-07 06:55:11,896 INFO org.apache.hadoop.mapred.LocalJobRunner: OutputCommitter set in config null
2015-04-07 06:55:11,922 INFO org.apache.hadoop.mapred.LocalJobRunner: OutputCommitter is org.apache.hadoop.mapreduce.lib.output.FileOutputCommitter
2015-04-07 06:55:12,083 INFO org.apache.hadoop.mapred.LocalJobRunner: Waiting for map tasks
2015-04-07 06:55:12,091 INFO org.apache.hadoop.mapred.LocalJobRunner: Starting task: attempt_local1840318897_0001_m_000000_0
2015-04-07 06:55:12,216 INFO org.apache.hadoop.mapred.Task:  Using ResourceCalculatorProcessTree : [ ]
2015-04-07 06:55:12,262 INFO org.apache.hadoop.mapred.MapTask: Processing split: file:/home/cloudera/workspace/WordCount/pg100.txt:0+5589886
2015-04-07 06:55:12,422 INFO org.apache.hadoop.mapred.MapTask: (EQUATOR) 0 kvi 26214396(104857584)
2015-04-07 06:55:12,422 INFO org.apache.hadoop.mapred.MapTask: mapreduce.task.io.sort.mb: 100
2015-04-07 06:55:12,422 INFO org.apache.hadoop.mapred.MapTask: soft limit at 83886080
2015-04-07 06:55:12,422 INFO org.apache.hadoop.mapred.MapTask: bufstart = 0; bufvoid = 104857600
2015-04-07 06:55:12,423 INFO org.apache.hadoop.mapred.MapTask: kvstart = 26214396; length = 6553600
2015-04-07 06:55:12,430 INFO org.apache.hadoop.mapred.MapTask: Map output collector class = org.apache.hadoop.mapred.MapTask$MapOutputBuffer
2015-04-07 06:55:12,889 INFO org.apache.hadoop.mapreduce.Job: Job job_local1840318897_0001 running in uber mode : false
2015-04-07 06:55:12,891 INFO org.apache.hadoop.mapreduce.Job:  map 0% reduce 0%
2015-04-07 06:55:18,210 INFO org.apache.hadoop.mapred.LocalJobRunner: map > map
2015-04-07 06:55:45,216 INFO org.apache.hadoop.mapred.LocalJobRunner: map > map
2015-04-07 06:55:48,217 INFO org.apache.hadoop.mapred.LocalJobRunner: map > map
2015-04-07 06:55:51,220 INFO org.apache.hadoop.mapred.LocalJobRunner: map > map
2015-04-07 06:55:54,223 INFO org.apache.hadoop.mapred.LocalJobRunner: map > map
2015-04-07 06:55:57,224 INFO org.apache.hadoop.mapred.LocalJobRunner: map > map
2015-04-07 06:56:00,225 INFO org.apache.hadoop.mapred.LocalJobRunner: map > map
2015-04-07 06:56:03,227 INFO org.apache.hadoop.mapred.LocalJobRunner: map > map
2015-04-07 06:56:06,232 INFO org.apache.hadoop.mapred.LocalJobRunner: map > map
2015-04-07 06:56:12,235 INFO org.apache.hadoop.mapred.LocalJobRunner: map > map
2015-04-07 06:56:15,236 INFO org.apache.hadoop.mapred.LocalJobRunner: map > map
2015-04-07 06:56:18,238 INFO org.apache.hadoop.mapred.LocalJobRunner: map > map
2015-04-07 06:56:21,239 INFO org.apache.hadoop.mapred.LocalJobRunner: map > map
2015-04-07 06:56:24,895 INFO org.apache.hadoop.mapred.MapTask: Starting flush of map output
2015-04-07 06:56:24,895 INFO org.apache.hadoop.mapred.MapTask: Spilling map output
2015-04-07 06:56:24,896 INFO org.apache.hadoop.mapred.MapTask: bufstart = 0; bufend = 84; bufvoid = 104857600
2015-04-07 06:56:24,897 INFO org.apache.hadoop.mapred.MapTask: kvstart = 26214396(104857584); kvend = 26214344(104857376); length = 53/6553600
2015-04-07 06:56:24,952 INFO org.apache.hadoop.mapred.MapTask: Finished spill 0
2015-04-07 06:56:30,242 INFO org.apache.hadoop.mapred.LocalJobRunner: map > sort
2015-04-07 06:56:31,005 INFO org.apache.hadoop.mapreduce.Job:  map 100% reduce 0%
2015-04-07 06:57:26,782 WARN org.apache.hadoop.util.NativeCodeLoader: Unable to load native-hadoop library for your platform... using builtin-java classes where applicable
2015-04-07 06:57:27,192 INFO org.apache.hadoop.conf.Configuration.deprecation: session.id is deprecated. Instead, use dfs.metrics.session-id
2015-04-07 06:57:27,194 INFO org.apache.hadoop.metrics.jvm.JvmMetrics: Initializing JVM Metrics with processName=JobTracker, sessionId=
2015-04-07 06:57:28,125 WARN org.apache.hadoop.mapreduce.JobSubmitter: No job jar file set.  User classes may not be found. See Job or Job#setJar(String).
2015-04-07 06:57:28,159 INFO org.apache.hadoop.mapreduce.lib.input.FileInputFormat: Total input paths to process : 1
2015-04-07 06:57:28,307 INFO org.apache.hadoop.mapreduce.JobSubmitter: number of splits:1
2015-04-07 06:57:28,667 INFO org.apache.hadoop.mapreduce.JobSubmitter: Submitting tokens for job: job_local231543430_0001
2015-04-07 06:57:28,788 WARN org.apache.hadoop.conf.Configuration: file:/tmp/hadoop-cloudera/mapred/staging/cloudera231543430/.staging/job_local231543430_0001/job.xml:an attempt to override final parameter: mapreduce.job.end-notification.max.retry.interval;  Ignoring.
2015-04-07 06:57:28,811 WARN org.apache.hadoop.conf.Configuration: file:/tmp/hadoop-cloudera/mapred/staging/cloudera231543430/.staging/job_local231543430_0001/job.xml:an attempt to override final parameter: mapreduce.job.end-notification.max.attempts;  Ignoring.
2015-04-07 06:57:29,196 WARN org.apache.hadoop.conf.Configuration: file:/tmp/hadoop-cloudera/mapred/local/localRunner/cloudera/job_local231543430_0001/job_local231543430_0001.xml:an attempt to override final parameter: mapreduce.job.end-notification.max.retry.interval;  Ignoring.
2015-04-07 06:57:29,217 WARN org.apache.hadoop.conf.Configuration: file:/tmp/hadoop-cloudera/mapred/local/localRunner/cloudera/job_local231543430_0001/job_local231543430_0001.xml:an attempt to override final parameter: mapreduce.job.end-notification.max.attempts;  Ignoring.
2015-04-07 06:57:29,225 INFO org.apache.hadoop.mapreduce.Job: The url to track the job: http://localhost:8080/
2015-04-07 06:57:29,226 INFO org.apache.hadoop.mapreduce.Job: Running job: job_local231543430_0001
2015-04-07 06:57:29,231 INFO org.apache.hadoop.mapred.LocalJobRunner: OutputCommitter set in config null
2015-04-07 06:57:29,237 INFO org.apache.hadoop.mapred.LocalJobRunner: OutputCommitter is org.apache.hadoop.mapreduce.lib.output.FileOutputCommitter
2015-04-07 06:57:29,382 INFO org.apache.hadoop.mapred.LocalJobRunner: Waiting for map tasks
2015-04-07 06:57:29,385 INFO org.apache.hadoop.mapred.LocalJobRunner: Starting task: attempt_local231543430_0001_m_000000_0
2015-04-07 06:57:29,546 INFO org.apache.hadoop.mapred.Task:  Using ResourceCalculatorProcessTree : [ ]
2015-04-07 06:57:29,594 INFO org.apache.hadoop.mapred.MapTask: Processing split: file:/home/cloudera/workspace/WordCount/pg100.txt:0+5589886
2015-04-07 06:57:29,796 INFO org.apache.hadoop.mapred.MapTask: (EQUATOR) 0 kvi 26214396(104857584)
2015-04-07 06:57:29,797 INFO org.apache.hadoop.mapred.MapTask: mapreduce.task.io.sort.mb: 100
2015-04-07 06:57:29,798 INFO org.apache.hadoop.mapred.MapTask: soft limit at 83886080
2015-04-07 06:57:29,799 INFO org.apache.hadoop.mapred.MapTask: bufstart = 0; bufvoid = 104857600
2015-04-07 06:57:29,799 INFO org.apache.hadoop.mapred.MapTask: kvstart = 26214396; length = 6553600
2015-04-07 06:57:29,809 INFO org.apache.hadoop.mapred.MapTask: Map output collector class = org.apache.hadoop.mapred.MapTask$MapOutputBuffer
2015-04-07 06:57:30,228 INFO org.apache.hadoop.mapreduce.Job: Job job_local231543430_0001 running in uber mode : false
2015-04-07 06:57:30,230 INFO org.apache.hadoop.mapreduce.Job:  map 0% reduce 0%
2015-04-07 06:57:35,516 INFO org.apache.hadoop.mapred.LocalJobRunner: map > map
2015-04-07 06:57:44,519 INFO org.apache.hadoop.mapred.LocalJobRunner: map > map
2015-04-07 06:57:47,521 INFO org.apache.hadoop.mapred.LocalJobRunner: map > map
2015-04-07 06:57:50,522 INFO org.apache.hadoop.mapred.LocalJobRunner: map > map
2015-04-07 06:57:53,523 INFO org.apache.hadoop.mapred.LocalJobRunner: map > map
2015-04-07 06:57:56,524 INFO org.apache.hadoop.mapred.LocalJobRunner: map > map
2015-04-07 06:57:59,526 INFO org.apache.hadoop.mapred.LocalJobRunner: map > map
2015-04-07 06:58:02,530 INFO org.apache.hadoop.mapred.LocalJobRunner: map > map
2015-04-07 06:58:05,531 INFO org.apache.hadoop.mapred.LocalJobRunner: map > map
2015-04-07 06:58:08,532 INFO org.apache.hadoop.mapred.LocalJobRunner: map > map
2015-04-07 06:58:11,533 INFO org.apache.hadoop.mapred.LocalJobRunner: map > map
2015-04-07 06:58:18,840 INFO org.apache.hadoop.mapred.MapTask: Starting flush of map output
2015-04-07 06:58:18,840 INFO org.apache.hadoop.mapred.MapTask: Spilling map output
2015-04-07 06:58:18,841 INFO org.apache.hadoop.mapred.MapTask: bufstart = 0; bufend = 84; bufvoid = 104857600
2015-04-07 06:58:18,841 INFO org.apache.hadoop.mapred.MapTask: kvstart = 26214396(104857584); kvend = 26214344(104857376); length = 53/6553600
2015-04-07 06:58:18,893 INFO org.apache.hadoop.mapred.MapTask: Finished spill 0
2015-04-07 06:58:22,224 INFO org.apache.hadoop.mapred.LocalJobRunner: map task executor complete.
2015-04-07 06:58:22,225 WARN org.apache.hadoop.mapred.LocalJobRunner: job_local231543430_0001
java.lang.Exception: java.lang.StringIndexOutOfBoundsException: String index out of range: 1
	at org.apache.hadoop.mapred.LocalJobRunner$Job.runTasks(LocalJobRunner.java:462)
	at org.apache.hadoop.mapred.LocalJobRunner$Job.run(LocalJobRunner.java:522)
Caused by: java.lang.StringIndexOutOfBoundsException: String index out of range: 1
	at java.lang.String.substring(String.java:1907)
	at edu.pitt.sis.infsci2711.wordcount.WordCount$Map.map(WordCount.java:60)
	at edu.pitt.sis.infsci2711.wordcount.WordCount$Map.map(WordCount.java:1)
	at org.apache.hadoop.mapreduce.Mapper.run(Mapper.java:145)
	at org.apache.hadoop.mapred.MapTask.runNewMapper(MapTask.java:784)
	at org.apache.hadoop.mapred.MapTask.run(MapTask.java:341)
	at org.apache.hadoop.mapred.LocalJobRunner$Job$MapTaskRunnable.run(LocalJobRunner.java:243)
	at java.util.concurrent.Executors$RunnableAdapter.call(Executors.java:471)
	at java.util.concurrent.FutureTask.run(FutureTask.java:262)
	at java.util.concurrent.ThreadPoolExecutor.runWorker(ThreadPoolExecutor.java:1145)
	at java.util.concurrent.ThreadPoolExecutor$Worker.run(ThreadPoolExecutor.java:615)
	at java.lang.Thread.run(Thread.java:745)
2015-04-07 06:58:22,306 INFO org.apache.hadoop.mapreduce.Job: Job job_local231543430_0001 failed with state FAILED due to: NA
2015-04-07 06:58:22,327 INFO org.apache.hadoop.mapreduce.Job: Counters: 20
	File System Counters
		FILE: Number of bytes read=4267
		FILE: Number of bytes written=249129
		FILE: Number of read operations=0
		FILE: Number of large read operations=0
		FILE: Number of write operations=0
	Map-Reduce Framework
		Map input records=3
		Map output records=14
		Map output bytes=84
		Map output materialized bytes=0
		Input split bytes=114
		Combine input records=0
		Spilled Records=0
		Failed Shuffles=0
		Merged Map outputs=0
		GC time elapsed (ms)=69
		CPU time spent (ms)=0
		Physical memory (bytes) snapshot=0
		Virtual memory (bytes) snapshot=0
		Total committed heap usage (bytes)=165613568
	File Input Format Counters 
		Bytes Read=4096
2015-04-07 06:59:33,491 WARN org.apache.hadoop.util.NativeCodeLoader: Unable to load native-hadoop library for your platform... using builtin-java classes where applicable
2015-04-07 06:59:33,841 INFO org.apache.hadoop.conf.Configuration.deprecation: session.id is deprecated. Instead, use dfs.metrics.session-id
2015-04-07 06:59:33,856 INFO org.apache.hadoop.metrics.jvm.JvmMetrics: Initializing JVM Metrics with processName=JobTracker, sessionId=
2015-04-07 06:59:33,934 WARN org.apache.hadoop.security.UserGroupInformation: PriviledgedActionException as:cloudera (auth:SIMPLE) cause:org.apache.hadoop.mapred.FileAlreadyExistsException: Output directory file:/home/cloudera/workspace/WordCount/output already exists
2015-04-07 07:00:05,245 WARN org.apache.hadoop.util.NativeCodeLoader: Unable to load native-hadoop library for your platform... using builtin-java classes where applicable
2015-04-07 07:00:05,678 INFO org.apache.hadoop.conf.Configuration.deprecation: session.id is deprecated. Instead, use dfs.metrics.session-id
2015-04-07 07:00:05,679 INFO org.apache.hadoop.metrics.jvm.JvmMetrics: Initializing JVM Metrics with processName=JobTracker, sessionId=
2015-04-07 07:00:06,600 WARN org.apache.hadoop.mapreduce.JobSubmitter: No job jar file set.  User classes may not be found. See Job or Job#setJar(String).
2015-04-07 07:00:06,651 INFO org.apache.hadoop.mapreduce.lib.input.FileInputFormat: Total input paths to process : 1
2015-04-07 07:00:06,806 INFO org.apache.hadoop.mapreduce.JobSubmitter: number of splits:1
2015-04-07 07:00:07,151 INFO org.apache.hadoop.mapreduce.JobSubmitter: Submitting tokens for job: job_local391969499_0001
2015-04-07 07:00:07,236 WARN org.apache.hadoop.conf.Configuration: file:/tmp/hadoop-cloudera/mapred/staging/cloudera391969499/.staging/job_local391969499_0001/job.xml:an attempt to override final parameter: mapreduce.job.end-notification.max.retry.interval;  Ignoring.
2015-04-07 07:00:07,267 WARN org.apache.hadoop.conf.Configuration: file:/tmp/hadoop-cloudera/mapred/staging/cloudera391969499/.staging/job_local391969499_0001/job.xml:an attempt to override final parameter: mapreduce.job.end-notification.max.attempts;  Ignoring.
2015-04-07 07:00:07,720 WARN org.apache.hadoop.conf.Configuration: file:/tmp/hadoop-cloudera/mapred/local/localRunner/cloudera/job_local391969499_0001/job_local391969499_0001.xml:an attempt to override final parameter: mapreduce.job.end-notification.max.retry.interval;  Ignoring.
2015-04-07 07:00:07,729 WARN org.apache.hadoop.conf.Configuration: file:/tmp/hadoop-cloudera/mapred/local/localRunner/cloudera/job_local391969499_0001/job_local391969499_0001.xml:an attempt to override final parameter: mapreduce.job.end-notification.max.attempts;  Ignoring.
2015-04-07 07:00:07,754 INFO org.apache.hadoop.mapreduce.Job: The url to track the job: http://localhost:8080/
2015-04-07 07:00:07,756 INFO org.apache.hadoop.mapreduce.Job: Running job: job_local391969499_0001
2015-04-07 07:00:07,764 INFO org.apache.hadoop.mapred.LocalJobRunner: OutputCommitter set in config null
2015-04-07 07:00:07,770 INFO org.apache.hadoop.mapred.LocalJobRunner: OutputCommitter is org.apache.hadoop.mapreduce.lib.output.FileOutputCommitter
2015-04-07 07:00:07,971 INFO org.apache.hadoop.mapred.LocalJobRunner: Waiting for map tasks
2015-04-07 07:00:07,976 INFO org.apache.hadoop.mapred.LocalJobRunner: Starting task: attempt_local391969499_0001_m_000000_0
2015-04-07 07:00:08,107 INFO org.apache.hadoop.mapred.Task:  Using ResourceCalculatorProcessTree : [ ]
2015-04-07 07:00:08,144 INFO org.apache.hadoop.mapred.MapTask: Processing split: file:/home/cloudera/workspace/WordCount/pg100.txt:0+5589886
2015-04-07 07:00:08,310 INFO org.apache.hadoop.mapred.MapTask: (EQUATOR) 0 kvi 26214396(104857584)
2015-04-07 07:00:08,310 INFO org.apache.hadoop.mapred.MapTask: mapreduce.task.io.sort.mb: 100
2015-04-07 07:00:08,310 INFO org.apache.hadoop.mapred.MapTask: soft limit at 83886080
2015-04-07 07:00:08,310 INFO org.apache.hadoop.mapred.MapTask: bufstart = 0; bufvoid = 104857600
2015-04-07 07:00:08,311 INFO org.apache.hadoop.mapred.MapTask: kvstart = 26214396; length = 6553600
2015-04-07 07:00:08,318 INFO org.apache.hadoop.mapred.MapTask: Map output collector class = org.apache.hadoop.mapred.MapTask$MapOutputBuffer
2015-04-07 07:00:08,797 INFO org.apache.hadoop.mapreduce.Job: Job job_local391969499_0001 running in uber mode : false
2015-04-07 07:00:08,799 INFO org.apache.hadoop.mapreduce.Job:  map 0% reduce 0%
2015-04-07 07:00:14,056 INFO org.apache.hadoop.mapred.LocalJobRunner: map > map
2015-04-07 07:00:20,058 INFO org.apache.hadoop.mapred.LocalJobRunner: map > map
2015-04-07 07:00:23,060 INFO org.apache.hadoop.mapred.LocalJobRunner: map > map
2015-04-07 07:00:26,062 INFO org.apache.hadoop.mapred.LocalJobRunner: map > map
2015-04-07 07:00:29,063 INFO org.apache.hadoop.mapred.LocalJobRunner: map > map
2015-04-07 07:00:32,065 INFO org.apache.hadoop.mapred.LocalJobRunner: map > map
2015-04-07 07:00:35,066 INFO org.apache.hadoop.mapred.LocalJobRunner: map > map
2015-04-07 07:00:38,068 INFO org.apache.hadoop.mapred.LocalJobRunner: map > map
2015-04-07 07:00:41,069 INFO org.apache.hadoop.mapred.LocalJobRunner: map > map
2015-04-07 07:00:49,031 INFO org.apache.hadoop.mapred.MapTask: Starting flush of map output
2015-04-07 07:00:49,032 INFO org.apache.hadoop.mapred.MapTask: Spilling map output
2015-04-07 07:00:49,032 INFO org.apache.hadoop.mapred.MapTask: bufstart = 0; bufend = 84; bufvoid = 104857600
2015-04-07 07:00:49,033 INFO org.apache.hadoop.mapred.MapTask: kvstart = 26214396(104857584); kvend = 26214344(104857376); length = 53/6553600
2015-04-07 07:00:49,080 INFO org.apache.hadoop.mapred.MapTask: Finished spill 0
2015-04-07 07:00:53,073 INFO org.apache.hadoop.mapred.LocalJobRunner: map > sort
2015-04-07 07:00:53,865 INFO org.apache.hadoop.mapreduce.Job:  map 100% reduce 0%
2015-04-07 07:00:58,672 INFO org.apache.hadoop.mapred.LocalJobRunner: map task executor complete.
2015-04-07 07:00:58,674 WARN org.apache.hadoop.mapred.LocalJobRunner: job_local391969499_0001
java.lang.Exception: java.lang.StringIndexOutOfBoundsException: String index out of range: 1
	at org.apache.hadoop.mapred.LocalJobRunner$Job.runTasks(LocalJobRunner.java:462)
	at org.apache.hadoop.mapred.LocalJobRunner$Job.run(LocalJobRunner.java:522)
Caused by: java.lang.StringIndexOutOfBoundsException: String index out of range: 1
	at java.lang.String.substring(String.java:1907)
	at edu.pitt.sis.infsci2711.wordcount.WordCount$Map.map(WordCount.java:61)
	at edu.pitt.sis.infsci2711.wordcount.WordCount$Map.map(WordCount.java:1)
	at org.apache.hadoop.mapreduce.Mapper.run(Mapper.java:145)
	at org.apache.hadoop.mapred.MapTask.runNewMapper(MapTask.java:784)
	at org.apache.hadoop.mapred.MapTask.run(MapTask.java:341)
	at org.apache.hadoop.mapred.LocalJobRunner$Job$MapTaskRunnable.run(LocalJobRunner.java:243)
	at java.util.concurrent.Executors$RunnableAdapter.call(Executors.java:471)
	at java.util.concurrent.FutureTask.run(FutureTask.java:262)
	at java.util.concurrent.ThreadPoolExecutor.runWorker(ThreadPoolExecutor.java:1145)
	at java.util.concurrent.ThreadPoolExecutor$Worker.run(ThreadPoolExecutor.java:615)
	at java.lang.Thread.run(Thread.java:745)
2015-04-07 07:00:58,869 INFO org.apache.hadoop.mapreduce.Job: Job job_local391969499_0001 failed with state FAILED due to: NA
2015-04-07 07:00:58,883 INFO org.apache.hadoop.mapreduce.Job: Counters: 20
	File System Counters
		FILE: Number of bytes read=4267
		FILE: Number of bytes written=249279
		FILE: Number of read operations=0
		FILE: Number of large read operations=0
		FILE: Number of write operations=0
	Map-Reduce Framework
		Map input records=3
		Map output records=14
		Map output bytes=84
		Map output materialized bytes=118
		Input split bytes=114
		Combine input records=0
		Spilled Records=14
		Failed Shuffles=0
		Merged Map outputs=0
		GC time elapsed (ms)=56
		CPU time spent (ms)=0
		Physical memory (bytes) snapshot=0
		Virtual memory (bytes) snapshot=0
		Total committed heap usage (bytes)=165613568
	File Input Format Counters 
		Bytes Read=4096
2015-04-07 07:02:29,807 WARN org.apache.hadoop.util.NativeCodeLoader: Unable to load native-hadoop library for your platform... using builtin-java classes where applicable
2015-04-07 07:02:30,222 INFO org.apache.hadoop.conf.Configuration.deprecation: session.id is deprecated. Instead, use dfs.metrics.session-id
2015-04-07 07:02:30,224 INFO org.apache.hadoop.metrics.jvm.JvmMetrics: Initializing JVM Metrics with processName=JobTracker, sessionId=
2015-04-07 07:02:31,121 WARN org.apache.hadoop.mapreduce.JobSubmitter: No job jar file set.  User classes may not be found. See Job or Job#setJar(String).
2015-04-07 07:02:31,139 INFO org.apache.hadoop.mapreduce.lib.input.FileInputFormat: Total input paths to process : 1
2015-04-07 07:02:31,319 INFO org.apache.hadoop.mapreduce.JobSubmitter: number of splits:1
2015-04-07 07:02:31,681 INFO org.apache.hadoop.mapreduce.JobSubmitter: Submitting tokens for job: job_local19257383_0001
2015-04-07 07:02:31,817 WARN org.apache.hadoop.conf.Configuration: file:/tmp/hadoop-cloudera/mapred/staging/cloudera19257383/.staging/job_local19257383_0001/job.xml:an attempt to override final parameter: mapreduce.job.end-notification.max.retry.interval;  Ignoring.
2015-04-07 07:02:31,852 WARN org.apache.hadoop.conf.Configuration: file:/tmp/hadoop-cloudera/mapred/staging/cloudera19257383/.staging/job_local19257383_0001/job.xml:an attempt to override final parameter: mapreduce.job.end-notification.max.attempts;  Ignoring.
2015-04-07 07:02:32,248 WARN org.apache.hadoop.conf.Configuration: file:/tmp/hadoop-cloudera/mapred/local/localRunner/cloudera/job_local19257383_0001/job_local19257383_0001.xml:an attempt to override final parameter: mapreduce.job.end-notification.max.retry.interval;  Ignoring.
2015-04-07 07:02:32,254 WARN org.apache.hadoop.conf.Configuration: file:/tmp/hadoop-cloudera/mapred/local/localRunner/cloudera/job_local19257383_0001/job_local19257383_0001.xml:an attempt to override final parameter: mapreduce.job.end-notification.max.attempts;  Ignoring.
2015-04-07 07:02:32,260 INFO org.apache.hadoop.mapreduce.Job: The url to track the job: http://localhost:8080/
2015-04-07 07:02:32,260 INFO org.apache.hadoop.mapreduce.Job: Running job: job_local19257383_0001
2015-04-07 07:02:32,267 INFO org.apache.hadoop.mapred.LocalJobRunner: OutputCommitter set in config null
2015-04-07 07:02:32,296 INFO org.apache.hadoop.mapred.LocalJobRunner: OutputCommitter is org.apache.hadoop.mapreduce.lib.output.FileOutputCommitter
2015-04-07 07:02:32,527 INFO org.apache.hadoop.mapred.LocalJobRunner: Waiting for map tasks
2015-04-07 07:02:32,535 INFO org.apache.hadoop.mapred.LocalJobRunner: Starting task: attempt_local19257383_0001_m_000000_0
2015-04-07 07:02:32,642 INFO org.apache.hadoop.mapred.Task:  Using ResourceCalculatorProcessTree : [ ]
2015-04-07 07:02:32,655 INFO org.apache.hadoop.mapred.MapTask: Processing split: file:/home/cloudera/workspace/WordCount/pg100.txt:0+5589886
2015-04-07 07:02:32,860 INFO org.apache.hadoop.mapred.MapTask: (EQUATOR) 0 kvi 26214396(104857584)
2015-04-07 07:02:32,860 INFO org.apache.hadoop.mapred.MapTask: mapreduce.task.io.sort.mb: 100
2015-04-07 07:02:32,860 INFO org.apache.hadoop.mapred.MapTask: soft limit at 83886080
2015-04-07 07:02:32,860 INFO org.apache.hadoop.mapred.MapTask: bufstart = 0; bufvoid = 104857600
2015-04-07 07:02:32,860 INFO org.apache.hadoop.mapred.MapTask: kvstart = 26214396; length = 6553600
2015-04-07 07:02:32,868 INFO org.apache.hadoop.mapred.MapTask: Map output collector class = org.apache.hadoop.mapred.MapTask$MapOutputBuffer
2015-04-07 07:02:33,263 INFO org.apache.hadoop.mapreduce.Job: Job job_local19257383_0001 running in uber mode : false
2015-04-07 07:02:33,264 INFO org.apache.hadoop.mapreduce.Job:  map 0% reduce 0%
2015-04-07 07:02:38,642 INFO org.apache.hadoop.mapred.LocalJobRunner: map > map
2015-04-07 07:02:41,643 INFO org.apache.hadoop.mapred.LocalJobRunner: map > map
2015-04-07 07:02:44,644 INFO org.apache.hadoop.mapred.LocalJobRunner: map > map
2015-04-07 07:02:47,645 INFO org.apache.hadoop.mapred.LocalJobRunner: map > map
2015-04-07 07:02:50,646 INFO org.apache.hadoop.mapred.LocalJobRunner: map > map
2015-04-07 07:02:53,648 INFO org.apache.hadoop.mapred.LocalJobRunner: map > map
2015-04-07 07:02:56,650 INFO org.apache.hadoop.mapred.LocalJobRunner: map > map
2015-04-07 07:02:59,652 INFO org.apache.hadoop.mapred.LocalJobRunner: map > map
2015-04-07 07:03:02,653 INFO org.apache.hadoop.mapred.LocalJobRunner: map > map
2015-04-07 07:03:05,656 INFO org.apache.hadoop.mapred.LocalJobRunner: map > map
2015-04-07 07:03:38,666 INFO org.apache.hadoop.mapred.LocalJobRunner: map > map
2015-04-07 07:03:41,666 INFO org.apache.hadoop.mapred.LocalJobRunner: map > map
2015-04-07 07:03:53,669 INFO org.apache.hadoop.mapred.LocalJobRunner: map > map
2015-04-07 07:03:56,670 INFO org.apache.hadoop.mapred.LocalJobRunner: map > map
2015-04-07 07:08:32,799 WARN org.apache.hadoop.util.NativeCodeLoader: Unable to load native-hadoop library for your platform... using builtin-java classes where applicable
2015-04-07 07:08:33,198 INFO org.apache.hadoop.conf.Configuration.deprecation: session.id is deprecated. Instead, use dfs.metrics.session-id
2015-04-07 07:08:33,202 INFO org.apache.hadoop.metrics.jvm.JvmMetrics: Initializing JVM Metrics with processName=JobTracker, sessionId=
2015-04-07 07:08:34,342 WARN org.apache.hadoop.mapreduce.JobSubmitter: No job jar file set.  User classes may not be found. See Job or Job#setJar(String).
2015-04-07 07:08:34,362 INFO org.apache.hadoop.mapreduce.lib.input.FileInputFormat: Total input paths to process : 1
2015-04-07 07:08:34,420 INFO org.apache.hadoop.mapreduce.JobSubmitter: number of splits:1
2015-04-07 07:08:34,746 INFO org.apache.hadoop.mapreduce.JobSubmitter: Submitting tokens for job: job_local599989089_0001
2015-04-07 07:08:34,896 WARN org.apache.hadoop.conf.Configuration: file:/tmp/hadoop-cloudera/mapred/staging/cloudera599989089/.staging/job_local599989089_0001/job.xml:an attempt to override final parameter: mapreduce.job.end-notification.max.retry.interval;  Ignoring.
2015-04-07 07:08:34,936 WARN org.apache.hadoop.conf.Configuration: file:/tmp/hadoop-cloudera/mapred/staging/cloudera599989089/.staging/job_local599989089_0001/job.xml:an attempt to override final parameter: mapreduce.job.end-notification.max.attempts;  Ignoring.
2015-04-07 07:08:35,406 WARN org.apache.hadoop.conf.Configuration: file:/tmp/hadoop-cloudera/mapred/local/localRunner/cloudera/job_local599989089_0001/job_local599989089_0001.xml:an attempt to override final parameter: mapreduce.job.end-notification.max.retry.interval;  Ignoring.
2015-04-07 07:08:35,428 WARN org.apache.hadoop.conf.Configuration: file:/tmp/hadoop-cloudera/mapred/local/localRunner/cloudera/job_local599989089_0001/job_local599989089_0001.xml:an attempt to override final parameter: mapreduce.job.end-notification.max.attempts;  Ignoring.
2015-04-07 07:08:35,433 INFO org.apache.hadoop.mapreduce.Job: The url to track the job: http://localhost:8080/
2015-04-07 07:08:35,434 INFO org.apache.hadoop.mapred.LocalJobRunner: OutputCommitter set in config null
2015-04-07 07:08:35,447 INFO org.apache.hadoop.mapreduce.Job: Running job: job_local599989089_0001
2015-04-07 07:08:35,454 INFO org.apache.hadoop.mapred.LocalJobRunner: OutputCommitter is org.apache.hadoop.mapreduce.lib.output.FileOutputCommitter
2015-04-07 07:08:35,664 INFO org.apache.hadoop.mapred.LocalJobRunner: Waiting for map tasks
2015-04-07 07:08:35,665 INFO org.apache.hadoop.mapred.LocalJobRunner: Starting task: attempt_local599989089_0001_m_000000_0
2015-04-07 07:08:35,742 INFO org.apache.hadoop.mapred.Task:  Using ResourceCalculatorProcessTree : [ ]
2015-04-07 07:08:35,748 INFO org.apache.hadoop.mapred.MapTask: Processing split: file:/home/cloudera/workspace/WordCount/pg100.txt:0+5589886
2015-04-07 07:08:35,871 INFO org.apache.hadoop.mapred.MapTask: (EQUATOR) 0 kvi 26214396(104857584)
2015-04-07 07:08:35,871 INFO org.apache.hadoop.mapred.MapTask: mapreduce.task.io.sort.mb: 100
2015-04-07 07:08:35,871 INFO org.apache.hadoop.mapred.MapTask: soft limit at 83886080
2015-04-07 07:08:35,871 INFO org.apache.hadoop.mapred.MapTask: bufstart = 0; bufvoid = 104857600
2015-04-07 07:08:35,871 INFO org.apache.hadoop.mapred.MapTask: kvstart = 26214396; length = 6553600
2015-04-07 07:08:35,877 INFO org.apache.hadoop.mapred.MapTask: Map output collector class = org.apache.hadoop.mapred.MapTask$MapOutputBuffer
2015-04-07 07:08:36,452 INFO org.apache.hadoop.mapreduce.Job: Job job_local599989089_0001 running in uber mode : false
2015-04-07 07:08:36,454 INFO org.apache.hadoop.mapreduce.Job:  map 0% reduce 0%
2015-04-07 07:08:37,924 INFO org.apache.hadoop.mapred.LocalJobRunner: 
2015-04-07 07:08:37,925 INFO org.apache.hadoop.mapred.MapTask: Starting flush of map output
2015-04-07 07:08:37,925 INFO org.apache.hadoop.mapred.MapTask: Spilling map output
2015-04-07 07:08:37,925 INFO org.apache.hadoop.mapred.MapTask: bufstart = 0; bufend = 5424366; bufvoid = 104857600
2015-04-07 07:08:37,925 INFO org.apache.hadoop.mapred.MapTask: kvstart = 26214396(104857584); kvend = 22598156(90392624); length = 3616241/6553600
2015-04-07 07:08:39,250 INFO org.apache.hadoop.mapred.MapTask: Finished spill 0
2015-04-07 07:08:39,256 INFO org.apache.hadoop.mapred.Task: Task:attempt_local599989089_0001_m_000000_0 is done. And is in the process of committing
2015-04-07 07:08:39,270 INFO org.apache.hadoop.mapred.LocalJobRunner: map
2015-04-07 07:08:39,271 INFO org.apache.hadoop.mapred.Task: Task 'attempt_local599989089_0001_m_000000_0' done.
2015-04-07 07:08:39,271 INFO org.apache.hadoop.mapred.LocalJobRunner: Finishing task: attempt_local599989089_0001_m_000000_0
2015-04-07 07:08:39,271 INFO org.apache.hadoop.mapred.LocalJobRunner: map task executor complete.
2015-04-07 07:08:39,274 INFO org.apache.hadoop.mapred.LocalJobRunner: Waiting for reduce tasks
2015-04-07 07:08:39,275 INFO org.apache.hadoop.mapred.LocalJobRunner: Starting task: attempt_local599989089_0001_r_000000_0
2015-04-07 07:08:39,283 INFO org.apache.hadoop.mapred.Task:  Using ResourceCalculatorProcessTree : [ ]
2015-04-07 07:08:39,290 INFO org.apache.hadoop.mapred.ReduceTask: Using ShuffleConsumerPlugin: org.apache.hadoop.mapreduce.task.reduce.Shuffle@13314cac
2015-04-07 07:08:39,308 INFO org.apache.hadoop.mapreduce.task.reduce.MergeManagerImpl: MergerManager: memoryLimit=679778688, maxSingleShuffleLimit=169944672, mergeThreshold=448653952, ioSortFactor=10, memToMemMergeOutputsThreshold=10
2015-04-07 07:08:39,316 INFO org.apache.hadoop.mapreduce.task.reduce.EventFetcher: attempt_local599989089_0001_r_000000_0 Thread started: EventFetcher for fetching Map Completion Events
2015-04-07 07:08:39,359 INFO org.apache.hadoop.mapreduce.task.reduce.LocalFetcher: localfetcher#1 about to shuffle output of map attempt_local599989089_0001_m_000000_0 decomp: 7232490 len: 7232494 to MEMORY
2015-04-07 07:08:39,386 INFO org.apache.hadoop.mapreduce.task.reduce.InMemoryMapOutput: Read 7232490 bytes from map-output for attempt_local599989089_0001_m_000000_0
2015-04-07 07:08:39,433 INFO org.apache.hadoop.mapreduce.task.reduce.MergeManagerImpl: closeInMemoryFile -> map-output of size: 7232490, inMemoryMapOutputs.size() -> 1, commitMemory -> 0, usedMemory ->7232490
2015-04-07 07:08:39,438 INFO org.apache.hadoop.mapreduce.task.reduce.EventFetcher: EventFetcher is interrupted.. Returning
2015-04-07 07:08:39,441 INFO org.apache.hadoop.mapred.LocalJobRunner: 1 / 1 copied.
2015-04-07 07:08:39,442 INFO org.apache.hadoop.mapreduce.task.reduce.MergeManagerImpl: finalMerge called with 1 in-memory map-outputs and 0 on-disk map-outputs
2015-04-07 07:08:39,449 INFO org.apache.hadoop.mapred.Merger: Merging 1 sorted segments
2015-04-07 07:08:39,450 INFO org.apache.hadoop.mapred.Merger: Down to the last merge-pass, with 1 segments left of total size: 7232486 bytes
2015-04-07 07:08:39,473 INFO org.apache.hadoop.mapreduce.Job:  map 100% reduce 0%
2015-04-07 07:08:40,311 INFO org.apache.hadoop.mapreduce.task.reduce.MergeManagerImpl: Merged 1 segments, 7232490 bytes to disk to satisfy reduce memory limit
2015-04-07 07:08:40,315 INFO org.apache.hadoop.mapreduce.task.reduce.MergeManagerImpl: Merging 1 files, 7232494 bytes from disk
2015-04-07 07:08:40,316 INFO org.apache.hadoop.mapreduce.task.reduce.MergeManagerImpl: Merging 0 segments, 0 bytes from memory into reduce
2015-04-07 07:08:40,316 INFO org.apache.hadoop.mapred.Merger: Merging 1 sorted segments
2015-04-07 07:08:40,316 INFO org.apache.hadoop.mapred.Merger: Down to the last merge-pass, with 1 segments left of total size: 7232486 bytes
2015-04-07 07:08:40,317 INFO org.apache.hadoop.mapred.LocalJobRunner: 1 / 1 copied.
2015-04-07 07:08:40,324 INFO org.apache.hadoop.conf.Configuration.deprecation: mapred.skip.on is deprecated. Instead, use mapreduce.job.skiprecords
2015-04-07 07:08:41,413 INFO org.apache.hadoop.mapred.Task: Task:attempt_local599989089_0001_r_000000_0 is done. And is in the process of committing
2015-04-07 07:08:41,419 INFO org.apache.hadoop.mapred.LocalJobRunner: 1 / 1 copied.
2015-04-07 07:08:41,419 INFO org.apache.hadoop.mapred.Task: Task attempt_local599989089_0001_r_000000_0 is allowed to commit now
2015-04-07 07:08:41,420 INFO org.apache.hadoop.mapreduce.lib.output.FileOutputCommitter: Saved output of task 'attempt_local599989089_0001_r_000000_0' to file:/home/cloudera/workspace/WordCount/output/_temporary/0/task_local599989089_0001_r_000000
2015-04-07 07:08:41,421 INFO org.apache.hadoop.mapred.LocalJobRunner: reduce > reduce
2015-04-07 07:08:41,421 INFO org.apache.hadoop.mapred.Task: Task 'attempt_local599989089_0001_r_000000_0' done.
2015-04-07 07:08:41,421 INFO org.apache.hadoop.mapred.LocalJobRunner: Finishing task: attempt_local599989089_0001_r_000000_0
2015-04-07 07:08:41,421 INFO org.apache.hadoop.mapred.LocalJobRunner: reduce task executor complete.
2015-04-07 07:08:41,476 INFO org.apache.hadoop.mapreduce.Job:  map 100% reduce 100%
2015-04-07 07:08:41,477 INFO org.apache.hadoop.mapreduce.Job: Job job_local599989089_0001 completed successfully
2015-04-07 07:08:41,494 INFO org.apache.hadoop.mapreduce.Job: Counters: 33
	File System Counters
		FILE: Number of bytes read=25645134
		FILE: Number of bytes written=22196148
		FILE: Number of read operations=0
		FILE: Number of large read operations=0
		FILE: Number of write operations=0
	Map-Reduce Framework
		Map input records=124787
		Map output records=904061
		Map output bytes=5424366
		Map output materialized bytes=7232494
		Input split bytes=114
		Combine input records=0
		Combine output records=0
		Reduce input groups=53
		Reduce shuffle bytes=7232494
		Reduce input records=904061
		Reduce output records=53
		Spilled Records=1808122
		Shuffled Maps =1
		Failed Shuffles=0
		Merged Map outputs=1
		GC time elapsed (ms)=77
		CPU time spent (ms)=0
		Physical memory (bytes) snapshot=0
		Virtual memory (bytes) snapshot=0
		Total committed heap usage (bytes)=331227136
	Shuffle Errors
		BAD_ID=0
		CONNECTION=0
		IO_ERROR=0
		WRONG_LENGTH=0
		WRONG_MAP=0
		WRONG_REDUCE=0
	File Input Format Counters 
		Bytes Read=5589886
	File Output Format Counters 
		Bytes Written=344
